Token File (Raw)
================
29 2 x 17 2 y 17 2 z 17 2 v 17 2 w 18 30 2 a 18 29 2 x 17 2 y 17 2 u 17 2 v 18 30 2 b 18 29 2 y 17 2 z 17 2 v 18 30 2 c 18 29 2 y 17 2 z 18 21 2 z 20 3 1 18 2 x 20 2 y 4 2 z 4 2 w 22 18 21 2 y 20 2 x 4 2 u 4 2 w 18 27 2 c 22 18 21 2 z 20 3 2 18 2 u 20 2 z 4 2 w 18 27 2 b 22 18 21 2 x 20 3 1 18 2 y 20 3 2 18 2 z 20 3 3 18 2 v 20 3 4 18 2 w 20 3 5 18 2 x 20 2 v 4 2 w 18 31 2 z 18 27 2 a 18 22 19

Token File (Symbolic)
=====================
intsym identsym.x commasym identsym.y commasym identsym.z commasym identsym.v commasym identsym.w semicolonsym procsym identsym.a semicolonsym intsym identsym.x commasym identsym.y commasym identsym.u commasym identsym.v semicolonsym procsym identsym.b semicolonsym intsym identsym.y commasym identsym.z commasym identsym.v semicolonsym procsym identsym.c semicolonsym intsym identsym.y commasym identsym.z semicolonsym beginsym identsym.z becomessym numbersym.1 semicolonsym identsym.x becomessym identsym.y plussym identsym.z plussym identsym.w endsym semicolonsym beginsym identsym.y becomessym identsym.x plussym identsym.u plussym identsym.w semicolonsym callsym identsym.c endsym semicolonsym beginsym identsym.z becomessym numbersym.2 semicolonsym identsym.u becomessym identsym.z plussym identsym.w semicolonsym callsym identsym.b endsym semicolonsym beginsym identsym.x becomessym numbersym.1 semicolonsym identsym.y becomessym numbersym.2 semicolonsym identsym.z becomessym numbersym.3 semicolonsym identsym.v becomessym numbersym.4 semicolonsym identsym.w becomessym numbersym.5 semicolonsym identsym.x becomessym identsym.v plussym identsym.w semicolonsym outsym identsym.z semicolonsym callsym identsym.a semicolonsym endsym periodsym

No errors, program is syntactically correct.


Generated Code (Raw)
====================
op  l  m
--------
 6  0  3
 6  0  5
 7  0 36
 6  0  3
 6  0  4
 7  0 28
 6  0  3
 6  0  3
 7  0 20
 6  0  3
 6  0  2
 1  0  1
 4  0  4
 3  0  3
 3  0  4
 2  0  2
 3  3  7
 2  0  2
 4  2  3
 2  0  0
 3  1  3
 3  1  5
 2  0  2
 3  2  7
 2  0  2
 4  0  3
 5  0  9
 2  0  0
 1  0  2
 4  1  5
 3  1  5
 3  1  7
 2  0  2
 4  0  5
 5  0  6
 2  0  0
 1  0  1
 4  0  3
 1  0  2
 4  0  4
 1  0  3
 4  0  5
 1  0  4
 4  0  6
 1  0  5
 4  0  7
 3  0  6
 3  0  7
 2  0  2
 4  0  3
 3  0  5
 9  0  0
 5  0  3
 2  0  0


Generated Code (Pretty)
=======================
  # | op   l       m
--------------------
  0 | INC  0       3
  1 | INC  0       5
  2 | JMP  0      36
  3 | INC  0       3
  4 | INC  0       4
  5 | JMP  0      28
  6 | INC  0       3
  7 | INC  0       3
  8 | JMP  0      20
  9 | INC  0       3
 10 | INC  0       2
 11 | LIT  0       1
 12 | STO  0       4
 13 | LOD  0       3
 14 | LOD  0       4
 15 | OPR  0 OPR_ADD
 16 | LOD  3       7
 17 | OPR  0 OPR_ADD
 18 | STO  2       3
 19 | OPR  0 OPR_RET
 20 | LOD  1       3
 21 | LOD  1       5
 22 | OPR  0 OPR_ADD
 23 | LOD  2       7
 24 | OPR  0 OPR_ADD
 25 | STO  0       3
 26 | CAL  0       9
 27 | OPR  0 OPR_RET
 28 | LIT  0       2
 29 | STO  1       5
 30 | LOD  1       5
 31 | LOD  1       7
 32 | OPR  0 OPR_ADD
 33 | STO  0       5
 34 | CAL  0       6
 35 | OPR  0 OPR_RET
 36 | LIT  0       1
 37 | STO  0       3
 38 | LIT  0       2
 39 | STO  0       4
 40 | LIT  0       3
 41 | STO  0       5
 42 | LIT  0       4
 43 | STO  0       6
 44 | LIT  0       5
 45 | STO  0       7
 46 | LOD  0       6
 47 | LOD  0       7
 48 | OPR  0 OPR_ADD
 49 | STO  0       3
 50 | LOD  0       5
 51 | SIO  0       0
 52 | CAL  0       3
 53 | OPR  0 OPR_RET


Running in PM/0
===============

LINE   OP    L    M      PC   BP   SP    Stack
--------------------------------------------------------------------
Initial values:           0    1    0    (initialized to all zeroes)
--------------------------------------------------------------------
   0  INC    0    3       1    1    3    0  0  0
   1  INC    0    5       2    1    8    0  0  0  0  0  0  0  0
   2  JMP    0   36      36    1    8    0  0  0  0  0  0  0  0
  36  LIT    0    1      37    1    9    0  0  0  0  0  0  0  0  1
  37  STO    0    3      38    1    8    0  0  0  1  0  0  0  0
  38  LIT    0    2      39    1    9    0  0  0  1  0  0  0  0  2
  39  STO    0    4      40    1    8    0  0  0  1  2  0  0  0
  40  LIT    0    3      41    1    9    0  0  0  1  2  0  0  0  3
  41  STO    0    5      42    1    8    0  0  0  1  2  3  0  0
  42  LIT    0    4      43    1    9    0  0  0  1  2  3  0  0  4
  43  STO    0    6      44    1    8    0  0  0  1  2  3  4  0
  44  LIT    0    5      45    1    9    0  0  0  1  2  3  4  0  5
  45  STO    0    7      46    1    8    0  0  0  1  2  3  4  5
  46  LOD    0    6      47    1    9    0  0  0  1  2  3  4  5  4
  47  LOD    0    7      48    1   10    0  0  0  1  2  3  4  5  4  5
  48  OPR    0    2      49    1    9    0  0  0  1  2  3  4  5  9
  49  STO    0    3      50    1    8    0  0  0  9  2  3  4  5
  50  LOD    0    5      51    1    9    0  0  0  9  2  3  4  5  3
  51  SIO    0    0      52    1    8    0  0  0  9  2  3  4  5

-----------
Output: 3
-----------

  52  CAL    0    3       3    9    8    0  0  0  9  2  3  4  5  |  1  1 53
   3  INC    0    3       4    9   11    0  0  0  9  2  3  4  5  |  1  1 53
   4  INC    0    4       5    9   15    0  0  0  9  2  3  4  5  |  1  1 53  0  0  0  0
   5  JMP    0   28      28    9   15    0  0  0  9  2  3  4  5  |  1  1 53  0  0  0  0
  28  LIT    0    2      29    9   16    0  0  0  9  2  3  4  5  |  1  1 53  0  0  0  0  2
  29  STO    1    5      30    9   15    0  0  0  9  2  2  4  5  |  1  1 53  0  0  0  0
  30  LOD    1    5      31    9   16    0  0  0  9  2  2  4  5  |  1  1 53  0  0  0  0  2
  31  LOD    1    7      32    9   17    0  0  0  9  2  2  4  5  |  1  1 53  0  0  0  0  2  5
  32  OPR    0    2      33    9   16    0  0  0  9  2  2  4  5  |  1  1 53  0  0  0  0  7
  33  STO    0    5      34    9   15    0  0  0  9  2  2  4  5  |  1  1 53  0  0  7  0
  34  CAL    0    6       6   16   15    0  0  0  9  2  2  4  5  |  1  1 53  0  0  7  0  |  9  9 35
   6  INC    0    3       7   16   18    0  0  0  9  2  2  4  5  |  1  1 53  0  0  7  0  |  9  9 35
   7  INC    0    3       8   16   21    0  0  0  9  2  2  4  5  |  1  1 53  0  0  7  0  |  9  9 35  0  0  0
   8  JMP    0   20      20   16   21    0  0  0  9  2  2  4  5  |  1  1 53  0  0  7  0  |  9  9 35  0  0  0
  20  LOD    1    3      21   16   22    0  0  0  9  2  2  4  5  |  1  1 53  0  0  7  0  |  9  9 35  0  0  0  0
  21  LOD    1    5      22   16   23    0  0  0  9  2  2  4  5  |  1  1 53  0  0  7  0  |  9  9 35  0  0  0  0  7
  22  OPR    0    2      23   16   22    0  0  0  9  2  2  4  5  |  1  1 53  0  0  7  0  |  9  9 35  0  0  0  7
  23  LOD    2    7      24   16   23    0  0  0  9  2  2  4  5  |  1  1 53  0  0  7  0  |  9  9 35  0  0  0  7  5
  24  OPR    0    2      25   16   22    0  0  0  9  2  2  4  5  |  1  1 53  0  0  7  0  |  9  9 35  0  0  0 12
  25  STO    0    3      26   16   21    0  0  0  9  2  2  4  5  |  1  1 53  0  0  7  0  |  9  9 35 12  0  0
  26  CAL    0    9       9   22   21    0  0  0  9  2  2  4  5  |  1  1 53  0  0  7  0  |  9  9 35 12  0  0  | 16 16 27
   9  INC    0    3      10   22   24    0  0  0  9  2  2  4  5  |  1  1 53  0  0  7  0  |  9  9 35 12  0  0  | 16 16 27
  10  INC    0    2      11   22   26    0  0  0  9  2  2  4  5  |  1  1 53  0  0  7  0  |  9  9 35 12  0  0  | 16 16 27  0  0
  11  LIT    0    1      12   22   27    0  0  0  9  2  2  4  5  |  1  1 53  0  0  7  0  |  9  9 35 12  0  0  | 16 16 27  0  0  1
  12  STO    0    4      13   22   26    0  0  0  9  2  2  4  5  |  1  1 53  0  0  7  0  |  9  9 35 12  0  0  | 16 16 27  0  1
  13  LOD    0    3      14   22   27    0  0  0  9  2  2  4  5  |  1  1 53  0  0  7  0  |  9  9 35 12  0  0  | 16 16 27  0  1  0
  14  LOD    0    4      15   22   28    0  0  0  9  2  2  4  5  |  1  1 53  0  0  7  0  |  9  9 35 12  0  0  | 16 16 27  0  1  0  1
  15  OPR    0    2      16   22   27    0  0  0  9  2  2  4  5  |  1  1 53  0  0  7  0  |  9  9 35 12  0  0  | 16 16 27  0  1  1
  16  LOD    3    7      17   22   28    0  0  0  9  2  2  4  5  |  1  1 53  0  0  7  0  |  9  9 35 12  0  0  | 16 16 27  0  1  1  5
  17  OPR    0    2      18   22   27    0  0  0  9  2  2  4  5  |  1  1 53  0  0  7  0  |  9  9 35 12  0  0  | 16 16 27  0  1  6
  18  STO    2    3      19   22   26    0  0  0  9  2  2  4  5  |  1  1 53  6  0  7  0  |  9  9 35 12  0  0  | 16 16 27  0  1
  19  OPR    0    0      27   16   21    0  0  0  9  2  2  4  5  |  1  1 53  6  0  7  0  |  9  9 35 12  0  0
  27  OPR    0    0      35    9   15    0  0  0  9  2  2  4  5  |  1  1 53  6  0  7  0
  35  OPR    0    0      53    1    8    0  0  0  9  2  2  4  5
  53  OPR    0    0       0    0    0   

===============

Finished without error.
