Token File (Raw)
================
29 2 f 17 2 n 18 30 2 fact 18 29 2 ans1 18 21 2 ans1 20 2 n 18 2 n 20 2 n 5 3 1 18 23 2 n 9 3 0 24 2 f 20 3 1 18 23 2 n 13 3 0 24 27 2 fact 18 2 f 20 2 f 6 2 ans1 18 22 18 21 2 n 20 3 3 18 27 2 fact 18 31 2 f 18 22 19

Token File (Symbolic)
=====================
intsym identsym.f commasym identsym.n semicolonsym procsym identsym.fact semicolonsym intsym identsym.ans1 semicolonsym beginsym identsym.ans1 becomessym identsym.n semicolonsym identsym.n becomessym identsym.n minussym numbersym.1 semicolonsym ifsym identsym.n eqsym numbersym.0 thensym identsym.f becomessym numbersym.1 semicolonsym ifsym identsym.n gtrsym numbersym.0 thensym callsym identsym.fact semicolonsym identsym.f becomessym identsym.f multsym identsym.ans1 semicolonsym endsym semicolonsym beginsym identsym.n becomessym numbersym.3 semicolonsym callsym identsym.fact semicolonsym outsym identsym.f semicolonsym endsym periodsym

No errors, program is syntactically correct.


Generated Code (Raw)
====================
op  l  m
--------
 6  0  3
 6  0  2
 7  0 27
 6  0  3
 6  0  1
 3  1  4
 4  0  3
 3  1  4
 1  0  1
 2  0  3
 4  1  4
 3  1  4
 1  0  0
 2  0  8
 8  0 17
 1  0  1
 4  1  3
 3  1  4
 1  0  0
 2  0 12
 8  0 22
 5  1  3
 3  1  3
 3  0  3
 2  0  4
 4  1  3
 2  0  0
 1  0  3
 4  0  4
 5  0  3
 3  0  3
 9  0  0
 2  0  0


Generated Code (Pretty)
=======================
  # | op   l       m
--------------------
  0 | INC  0       3
  1 | INC  0       2
  2 | JMP  0      27
  3 | INC  0       3
  4 | INC  0       1
  5 | LOD  1       4
  6 | STO  0       3
  7 | LOD  1       4
  8 | LIT  0       1
  9 | OPR  0 OPR_SUB
 10 | STO  1       4
 11 | LOD  1       4
 12 | LIT  0       0
 13 | OPR  0 OPR_EQL
 14 | JPC  0      17
 15 | LIT  0       1
 16 | STO  1       3
 17 | LOD  1       4
 18 | LIT  0       0
 19 | OPR  0 OPR_GTR
 20 | JPC  0      22
 21 | CAL  1       3
 22 | LOD  1       3
 23 | LOD  0       3
 24 | OPR  0 OPR_MUL
 25 | STO  1       3
 26 | OPR  0 OPR_RET
 27 | LIT  0       3
 28 | STO  0       4
 29 | CAL  0       3
 30 | LOD  0       3
 31 | SIO  0       0
 32 | OPR  0 OPR_RET


Running in PM/0
===============

LINE   OP    L    M      PC   BP   SP    Stack
--------------------------------------------------------------------
Initial values:           0    1    0    (initialized to all zeroes)
--------------------------------------------------------------------
   0  INC    0    3       1    1    3    0  0  0
   1  INC    0    2       2    1    5    0  0  0  0  0
   2  JMP    0   27      27    1    5    0  0  0  0  0
  27  LIT    0    3      28    1    6    0  0  0  0  0  3
  28  STO    0    4      29    1    5    0  0  0  0  3
  29  CAL    0    3       3    6    5    0  0  0  0  3  |  1  1 30
   3  INC    0    3       4    6    8    0  0  0  0  3  |  1  1 30
   4  INC    0    1       5    6    9    0  0  0  0  3  |  1  1 30  0
   5  LOD    1    4       6    6   10    0  0  0  0  3  |  1  1 30  0  3
   6  STO    0    3       7    6    9    0  0  0  0  3  |  1  1 30  3
   7  LOD    1    4       8    6   10    0  0  0  0  3  |  1  1 30  3  3
   8  LIT    0    1       9    6   11    0  0  0  0  3  |  1  1 30  3  3  1
   9  OPR    0    3      10    6   10    0  0  0  0  3  |  1  1 30  3  2
  10  STO    1    4      11    6    9    0  0  0  0  2  |  1  1 30  3
  11  LOD    1    4      12    6   10    0  0  0  0  2  |  1  1 30  3  2
  12  LIT    0    0      13    6   11    0  0  0  0  2  |  1  1 30  3  2  0
  13  OPR    0    8      14    6   10    0  0  0  0  2  |  1  1 30  3  0
  14  JPC    0   17      17    6    9    0  0  0  0  2  |  1  1 30  3
  17  LOD    1    4      18    6   10    0  0  0  0  2  |  1  1 30  3  2
  18  LIT    0    0      19    6   11    0  0  0  0  2  |  1  1 30  3  2  0
  19  OPR    0   12      20    6   10    0  0  0  0  2  |  1  1 30  3  1
  20  JPC    0   22      21    6    9    0  0  0  0  2  |  1  1 30  3
  21  CAL    1    3       3   10    9    0  0  0  0  2  |  1  1 30  3  |  1  6 22
   3  INC    0    3       4   10   12    0  0  0  0  2  |  1  1 30  3  |  1  6 22
   4  INC    0    1       5   10   13    0  0  0  0  2  |  1  1 30  3  |  1  6 22  0
   5  LOD    1    4       6   10   14    0  0  0  0  2  |  1  1 30  3  |  1  6 22  0  2
   6  STO    0    3       7   10   13    0  0  0  0  2  |  1  1 30  3  |  1  6 22  2
   7  LOD    1    4       8   10   14    0  0  0  0  2  |  1  1 30  3  |  1  6 22  2  2
   8  LIT    0    1       9   10   15    0  0  0  0  2  |  1  1 30  3  |  1  6 22  2  2  1
   9  OPR    0    3      10   10   14    0  0  0  0  2  |  1  1 30  3  |  1  6 22  2  1
  10  STO    1    4      11   10   13    0  0  0  0  1  |  1  1 30  3  |  1  6 22  2
  11  LOD    1    4      12   10   14    0  0  0  0  1  |  1  1 30  3  |  1  6 22  2  1
  12  LIT    0    0      13   10   15    0  0  0  0  1  |  1  1 30  3  |  1  6 22  2  1  0
  13  OPR    0    8      14   10   14    0  0  0  0  1  |  1  1 30  3  |  1  6 22  2  0
  14  JPC    0   17      17   10   13    0  0  0  0  1  |  1  1 30  3  |  1  6 22  2
  17  LOD    1    4      18   10   14    0  0  0  0  1  |  1  1 30  3  |  1  6 22  2  1
  18  LIT    0    0      19   10   15    0  0  0  0  1  |  1  1 30  3  |  1  6 22  2  1  0
  19  OPR    0   12      20   10   14    0  0  0  0  1  |  1  1 30  3  |  1  6 22  2  1
  20  JPC    0   22      21   10   13    0  0  0  0  1  |  1  1 30  3  |  1  6 22  2
  21  CAL    1    3       3   14   13    0  0  0  0  1  |  1  1 30  3  |  1  6 22  2  |  1 10 22
   3  INC    0    3       4   14   16    0  0  0  0  1  |  1  1 30  3  |  1  6 22  2  |  1 10 22
   4  INC    0    1       5   14   17    0  0  0  0  1  |  1  1 30  3  |  1  6 22  2  |  1 10 22  0
   5  LOD    1    4       6   14   18    0  0  0  0  1  |  1  1 30  3  |  1  6 22  2  |  1 10 22  0  1
   6  STO    0    3       7   14   17    0  0  0  0  1  |  1  1 30  3  |  1  6 22  2  |  1 10 22  1
   7  LOD    1    4       8   14   18    0  0  0  0  1  |  1  1 30  3  |  1  6 22  2  |  1 10 22  1  1
   8  LIT    0    1       9   14   19    0  0  0  0  1  |  1  1 30  3  |  1  6 22  2  |  1 10 22  1  1  1
   9  OPR    0    3      10   14   18    0  0  0  0  1  |  1  1 30  3  |  1  6 22  2  |  1 10 22  1  0
  10  STO    1    4      11   14   17    0  0  0  0  0  |  1  1 30  3  |  1  6 22  2  |  1 10 22  1
  11  LOD    1    4      12   14   18    0  0  0  0  0  |  1  1 30  3  |  1  6 22  2  |  1 10 22  1  0
  12  LIT    0    0      13   14   19    0  0  0  0  0  |  1  1 30  3  |  1  6 22  2  |  1 10 22  1  0  0
  13  OPR    0    8      14   14   18    0  0  0  0  0  |  1  1 30  3  |  1  6 22  2  |  1 10 22  1  1
  14  JPC    0   17      15   14   17    0  0  0  0  0  |  1  1 30  3  |  1  6 22  2  |  1 10 22  1
  15  LIT    0    1      16   14   18    0  0  0  0  0  |  1  1 30  3  |  1  6 22  2  |  1 10 22  1  1
  16  STO    1    3      17   14   17    0  0  0  1  0  |  1  1 30  3  |  1  6 22  2  |  1 10 22  1
  17  LOD    1    4      18   14   18    0  0  0  1  0  |  1  1 30  3  |  1  6 22  2  |  1 10 22  1  0
  18  LIT    0    0      19   14   19    0  0  0  1  0  |  1  1 30  3  |  1  6 22  2  |  1 10 22  1  0  0
  19  OPR    0   12      20   14   18    0  0  0  1  0  |  1  1 30  3  |  1  6 22  2  |  1 10 22  1  0
  20  JPC    0   22      22   14   17    0  0  0  1  0  |  1  1 30  3  |  1  6 22  2  |  1 10 22  1
  22  LOD    1    3      23   14   18    0  0  0  1  0  |  1  1 30  3  |  1  6 22  2  |  1 10 22  1  1
  23  LOD    0    3      24   14   19    0  0  0  1  0  |  1  1 30  3  |  1  6 22  2  |  1 10 22  1  1  1
  24  OPR    0    4      25   14   18    0  0  0  1  0  |  1  1 30  3  |  1  6 22  2  |  1 10 22  1  1
  25  STO    1    3      26   14   17    0  0  0  1  0  |  1  1 30  3  |  1  6 22  2  |  1 10 22  1
  26  OPR    0    0      22   10   13    0  0  0  1  0  |  1  1 30  3  |  1  6 22  2
  22  LOD    1    3      23   10   14    0  0  0  1  0  |  1  1 30  3  |  1  6 22  2  1
  23  LOD    0    3      24   10   15    0  0  0  1  0  |  1  1 30  3  |  1  6 22  2  1  2
  24  OPR    0    4      25   10   14    0  0  0  1  0  |  1  1 30  3  |  1  6 22  2  2
  25  STO    1    3      26   10   13    0  0  0  2  0  |  1  1 30  3  |  1  6 22  2
  26  OPR    0    0      22    6    9    0  0  0  2  0  |  1  1 30  3
  22  LOD    1    3      23    6   10    0  0  0  2  0  |  1  1 30  3  2
  23  LOD    0    3      24    6   11    0  0  0  2  0  |  1  1 30  3  2  3
  24  OPR    0    4      25    6   10    0  0  0  2  0  |  1  1 30  3  6
  25  STO    1    3      26    6    9    0  0  0  6  0  |  1  1 30  3
  26  OPR    0    0      30    1    5    0  0  0  6  0
  30  LOD    0    3      31    1    6    0  0  0  6  0  6
  31  SIO    0    0      32    1    5    0  0  0  6  0

-----------
Output: 6
-----------

  32  OPR    0    0       0    0    0   

===============

Finished without error.
