Token File (Raw)
================
28 2 z 9 3 15 18 29 2 x 17 2 y 18 30 2 test 18 29 2 x 17 2 y 18 21 2 x 20 2 z 18 2 y 20 2 x 4 3 1 18 31 2 y 18 22 18 21 27 2 test 18 2 x 20 3 2 6 3 2 18 31 2 x 18 2 y 20 2 x 5 3 1 18 31 2 y 18 2 x 20 2 x 7 3 2 18 31 2 x 18 2 y 20 15 2 z 4 3 1 16 7 15 3 8 6 3 2 16 18 31 2 y 18 31 2 x 4 2 y 6 2 x 18 22 19

Token File (Symbolic)
=====================
constsym identsym.z eqsym numbersym.15 semicolonsym intsym identsym.x commasym identsym.y semicolonsym procsym identsym.test semicolonsym intsym identsym.x commasym identsym.y semicolonsym beginsym identsym.x becomessym identsym.z semicolonsym identsym.y becomessym identsym.x plussym numbersym.1 semicolonsym outsym identsym.y semicolonsym endsym semicolonsym beginsym callsym identsym.test semicolonsym identsym.x becomessym numbersym.2 multsym numbersym.2 semicolonsym outsym identsym.x semicolonsym identsym.y becomessym identsym.x minussym numbersym.1 semicolonsym outsym identsym.y semicolonsym identsym.x becomessym identsym.x slashsym numbersym.2 semicolonsym outsym identsym.x semicolonsym identsym.y becomessym lparentsym identsym.z plussym numbersym.1 rparentsym slashsym lparentsym numbersym.8 multsym numbersym.2 rparentsym semicolonsym outsym identsym.y semicolonsym outsym identsym.x plussym identsym.y multsym identsym.x semicolonsym endsym periodsym

No errors, program is syntactically correct.


Generated Code (Raw)
====================
op  l  m
--------
 6  0  3
 6  0  2
 7  0 14
 6  0  3
 6  0  2
 1  0 15
 4  0  3
 3  0  3
 1  0  1
 2  0  2
 4  0  4
 3  0  4
 9  0  0
 2  0  0
 5  0  3
 1  0  2
 1  0  2
 2  0  4
 4  0  3
 3  0  3
 9  0  0
 3  0  3
 1  0  1
 2  0  3
 4  0  4
 3  0  4
 9  0  0
 3  0  3
 1  0  2
 2  0  5
 4  0  3
 3  0  3
 9  0  0
 1  0 15
 1  0  1
 2  0  2
 1  0  8
 1  0  2
 2  0  4
 2  0  5
 4  0  4
 3  0  4
 9  0  0
 3  0  3
 3  0  4
 3  0  3
 2  0  4
 2  0  2
 9  0  0
 2  0  0


Generated Code (Pretty)
=======================
  # | op   l       m
--------------------
  0 | INC  0       3
  1 | INC  0       2
  2 | JMP  0      14
  3 | INC  0       3
  4 | INC  0       2
  5 | LIT  0      15
  6 | STO  0       3
  7 | LOD  0       3
  8 | LIT  0       1
  9 | OPR  0 OPR_ADD
 10 | STO  0       4
 11 | LOD  0       4
 12 | SIO  0       0
 13 | OPR  0 OPR_RET
 14 | CAL  0       3
 15 | LIT  0       2
 16 | LIT  0       2
 17 | OPR  0 OPR_MUL
 18 | STO  0       3
 19 | LOD  0       3
 20 | SIO  0       0
 21 | LOD  0       3
 22 | LIT  0       1
 23 | OPR  0 OPR_SUB
 24 | STO  0       4
 25 | LOD  0       4
 26 | SIO  0       0
 27 | LOD  0       3
 28 | LIT  0       2
 29 | OPR  0 OPR_DIV
 30 | STO  0       3
 31 | LOD  0       3
 32 | SIO  0       0
 33 | LIT  0      15
 34 | LIT  0       1
 35 | OPR  0 OPR_ADD
 36 | LIT  0       8
 37 | LIT  0       2
 38 | OPR  0 OPR_MUL
 39 | OPR  0 OPR_DIV
 40 | STO  0       4
 41 | LOD  0       4
 42 | SIO  0       0
 43 | LOD  0       3
 44 | LOD  0       4
 45 | LOD  0       3
 46 | OPR  0 OPR_MUL
 47 | OPR  0 OPR_ADD
 48 | SIO  0       0
 49 | OPR  0 OPR_RET


Running in PM/0
===============

LINE   OP    L    M      PC   BP   SP    Stack
--------------------------------------------------------------------
Initial values:           0    1    0    (initialized to all zeroes)
--------------------------------------------------------------------
   0  INC    0    3       1    1    3    0  0  0
   1  INC    0    2       2    1    5    0  0  0  0  0
   2  JMP    0   14      14    1    5    0  0  0  0  0
  14  CAL    0    3       3    6    5    0  0  0  0  0  |  1  1 15
   3  INC    0    3       4    6    8    0  0  0  0  0  |  1  1 15
   4  INC    0    2       5    6   10    0  0  0  0  0  |  1  1 15  0  0
   5  LIT    0   15       6    6   11    0  0  0  0  0  |  1  1 15  0  0 15
   6  STO    0    3       7    6   10    0  0  0  0  0  |  1  1 15 15  0
   7  LOD    0    3       8    6   11    0  0  0  0  0  |  1  1 15 15  0 15
   8  LIT    0    1       9    6   12    0  0  0  0  0  |  1  1 15 15  0 15  1
   9  OPR    0    2      10    6   11    0  0  0  0  0  |  1  1 15 15  0 16
  10  STO    0    4      11    6   10    0  0  0  0  0  |  1  1 15 15 16
  11  LOD    0    4      12    6   11    0  0  0  0  0  |  1  1 15 15 16 16
  12  SIO    0    0      13    6   10    0  0  0  0  0  |  1  1 15 15 16

-----------
Output: 16
-----------

  13  OPR    0    0      15    1    5    0  0  0  0  0
  15  LIT    0    2      16    1    6    0  0  0  0  0  2
  16  LIT    0    2      17    1    7    0  0  0  0  0  2  2
  17  OPR    0    4      18    1    6    0  0  0  0  0  4
  18  STO    0    3      19    1    5    0  0  0  4  0
  19  LOD    0    3      20    1    6    0  0  0  4  0  4
  20  SIO    0    0      21    1    5    0  0  0  4  0

-----------
Output: 4
-----------

  21  LOD    0    3      22    1    6    0  0  0  4  0  4
  22  LIT    0    1      23    1    7    0  0  0  4  0  4  1
  23  OPR    0    3      24    1    6    0  0  0  4  0  3
  24  STO    0    4      25    1    5    0  0  0  4  3
  25  LOD    0    4      26    1    6    0  0  0  4  3  3
  26  SIO    0    0      27    1    5    0  0  0  4  3

-----------
Output: 3
-----------

  27  LOD    0    3      28    1    6    0  0  0  4  3  4
  28  LIT    0    2      29    1    7    0  0  0  4  3  4  2
  29  OPR    0    5      30    1    6    0  0  0  4  3  2
  30  STO    0    3      31    1    5    0  0  0  2  3
  31  LOD    0    3      32    1    6    0  0  0  2  3  2
  32  SIO    0    0      33    1    5    0  0  0  2  3

-----------
Output: 2
-----------

  33  LIT    0   15      34    1    6    0  0  0  2  3 15
  34  LIT    0    1      35    1    7    0  0  0  2  3 15  1
  35  OPR    0    2      36    1    6    0  0  0  2  3 16
  36  LIT    0    8      37    1    7    0  0  0  2  3 16  8
  37  LIT    0    2      38    1    8    0  0  0  2  3 16  8  2
  38  OPR    0    4      39    1    7    0  0  0  2  3 16 16
  39  OPR    0    5      40    1    6    0  0  0  2  3  1
  40  STO    0    4      41    1    5    0  0  0  2  1
  41  LOD    0    4      42    1    6    0  0  0  2  1  1
  42  SIO    0    0      43    1    5    0  0  0  2  1

-----------
Output: 1
-----------

  43  LOD    0    3      44    1    6    0  0  0  2  1  2
  44  LOD    0    4      45    1    7    0  0  0  2  1  2  1
  45  LOD    0    3      46    1    8    0  0  0  2  1  2  1  2
  46  OPR    0    4      47    1    7    0  0  0  2  1  2  2
  47  OPR    0    2      48    1    6    0  0  0  2  1  4
  48  SIO    0    0      49    1    5    0  0  0  2  1

-----------
Output: 4
-----------

  49  OPR    0    0       0    0    0   

===============

Finished without error.
