Token File (Raw)
================
29 2 a 17 2 b 17 2 c 18 21 2 a 20 3 3 18 2 b 20 3 10 18 23 2 a 12 2 b 24 2 c 20 2 a 4 2 b 18 25 2 a 11 2 b 26 21 2 a 20 2 a 4 3 1 18 2 c 20 2 c 4 3 3 18 22 18 2 c 20 2 a 18 22 19

Token File (Symbolic)
=====================
intsym identsym.a commasym identsym.b commasym identsym.c semicolonsym beginsym identsym.a becomessym numbersym.3 semicolonsym identsym.b becomessym numbersym.10 semicolonsym ifsym identsym.a leqsym identsym.b thensym identsym.c becomessym identsym.a plussym identsym.b semicolonsym whilesym identsym.a lessym identsym.b dosym beginsym identsym.a becomessym identsym.a plussym numbersym.1 semicolonsym identsym.c becomessym identsym.c plussym numbersym.3 semicolonsym endsym semicolonsym identsym.c becomessym identsym.a semicolonsym endsym periodsym

No errors, program is syntactically correct.


Generated Code (Raw)
====================
op  l  m
--------
 6  0  3
 6  0  3
 1  0  3
 4  0  3
 1  0 10
 4  0  4
 3  0  3
 3  0  4
 2  0 11
 8  0 14
 3  0  3
 3  0  4
 2  0  2
 4  0  5
 3  0  3
 3  0  4
 2  0 10
 8  0 27
 3  0  3
 1  0  1
 2  0  2
 4  0  3
 3  0  5
 1  0  3
 2  0  2
 4  0  5
 7  0 14
 3  0  3
 4  0  5
 2  0  0


Generated Code (Pretty)
=======================
  # | op   l       m
--------------------
  0 | INC  0       3
  1 | INC  0       3
  2 | LIT  0       3
  3 | STO  0       3
  4 | LIT  0      10
  5 | STO  0       4
  6 | LOD  0       3
  7 | LOD  0       4
  8 | OPR  0 OPR_LEQ
  9 | JPC  0      14
 10 | LOD  0       3
 11 | LOD  0       4
 12 | OPR  0 OPR_ADD
 13 | STO  0       5
 14 | LOD  0       3
 15 | LOD  0       4
 16 | OPR  0 OPR_LSS
 17 | JPC  0      27
 18 | LOD  0       3
 19 | LIT  0       1
 20 | OPR  0 OPR_ADD
 21 | STO  0       3
 22 | LOD  0       5
 23 | LIT  0       3
 24 | OPR  0 OPR_ADD
 25 | STO  0       5
 26 | JMP  0      14
 27 | LOD  0       3
 28 | STO  0       5
 29 | OPR  0 OPR_RET


Running in PM/0
===============

LINE   OP    L    M      PC   BP   SP    Stack
--------------------------------------------------------------------
Initial values:           0    1    0    (initialized to all zeroes)
--------------------------------------------------------------------
   0  INC    0    3       1    1    3    0  0  0
   1  INC    0    3       2    1    6    0  0  0  0  0  0
   2  LIT    0    3       3    1    7    0  0  0  0  0  0  3
   3  STO    0    3       4    1    6    0  0  0  3  0  0
   4  LIT    0   10       5    1    7    0  0  0  3  0  0 10
   5  STO    0    4       6    1    6    0  0  0  3 10  0
   6  LOD    0    3       7    1    7    0  0  0  3 10  0  3
   7  LOD    0    4       8    1    8    0  0  0  3 10  0  3 10
   8  OPR    0   11       9    1    7    0  0  0  3 10  0  1
   9  JPC    0   14      10    1    6    0  0  0  3 10  0
  10  LOD    0    3      11    1    7    0  0  0  3 10  0  3
  11  LOD    0    4      12    1    8    0  0  0  3 10  0  3 10
  12  OPR    0    2      13    1    7    0  0  0  3 10  0 13
  13  STO    0    5      14    1    6    0  0  0  3 10 13
  14  LOD    0    3      15    1    7    0  0  0  3 10 13  3
  15  LOD    0    4      16    1    8    0  0  0  3 10 13  3 10
  16  OPR    0   10      17    1    7    0  0  0  3 10 13  1
  17  JPC    0   27      18    1    6    0  0  0  3 10 13
  18  LOD    0    3      19    1    7    0  0  0  3 10 13  3
  19  LIT    0    1      20    1    8    0  0  0  3 10 13  3  1
  20  OPR    0    2      21    1    7    0  0  0  3 10 13  4
  21  STO    0    3      22    1    6    0  0  0  4 10 13
  22  LOD    0    5      23    1    7    0  0  0  4 10 13 13
  23  LIT    0    3      24    1    8    0  0  0  4 10 13 13  3
  24  OPR    0    2      25    1    7    0  0  0  4 10 13 16
  25  STO    0    5      26    1    6    0  0  0  4 10 16
  26  JMP    0   14      14    1    6    0  0  0  4 10 16
  14  LOD    0    3      15    1    7    0  0  0  4 10 16  4
  15  LOD    0    4      16    1    8    0  0  0  4 10 16  4 10
  16  OPR    0   10      17    1    7    0  0  0  4 10 16  1
  17  JPC    0   27      18    1    6    0  0  0  4 10 16
  18  LOD    0    3      19    1    7    0  0  0  4 10 16  4
  19  LIT    0    1      20    1    8    0  0  0  4 10 16  4  1
  20  OPR    0    2      21    1    7    0  0  0  4 10 16  5
  21  STO    0    3      22    1    6    0  0  0  5 10 16
  22  LOD    0    5      23    1    7    0  0  0  5 10 16 16
  23  LIT    0    3      24    1    8    0  0  0  5 10 16 16  3
  24  OPR    0    2      25    1    7    0  0  0  5 10 16 19
  25  STO    0    5      26    1    6    0  0  0  5 10 19
  26  JMP    0   14      14    1    6    0  0  0  5 10 19
  14  LOD    0    3      15    1    7    0  0  0  5 10 19  5
  15  LOD    0    4      16    1    8    0  0  0  5 10 19  5 10
  16  OPR    0   10      17    1    7    0  0  0  5 10 19  1
  17  JPC    0   27      18    1    6    0  0  0  5 10 19
  18  LOD    0    3      19    1    7    0  0  0  5 10 19  5
  19  LIT    0    1      20    1    8    0  0  0  5 10 19  5  1
  20  OPR    0    2      21    1    7    0  0  0  5 10 19  6
  21  STO    0    3      22    1    6    0  0  0  6 10 19
  22  LOD    0    5      23    1    7    0  0  0  6 10 19 19
  23  LIT    0    3      24    1    8    0  0  0  6 10 19 19  3
  24  OPR    0    2      25    1    7    0  0  0  6 10 19 22
  25  STO    0    5      26    1    6    0  0  0  6 10 22
  26  JMP    0   14      14    1    6    0  0  0  6 10 22
  14  LOD    0    3      15    1    7    0  0  0  6 10 22  6
  15  LOD    0    4      16    1    8    0  0  0  6 10 22  6 10
  16  OPR    0   10      17    1    7    0  0  0  6 10 22  1
  17  JPC    0   27      18    1    6    0  0  0  6 10 22
  18  LOD    0    3      19    1    7    0  0  0  6 10 22  6
  19  LIT    0    1      20    1    8    0  0  0  6 10 22  6  1
  20  OPR    0    2      21    1    7    0  0  0  6 10 22  7
  21  STO    0    3      22    1    6    0  0  0  7 10 22
  22  LOD    0    5      23    1    7    0  0  0  7 10 22 22
  23  LIT    0    3      24    1    8    0  0  0  7 10 22 22  3
  24  OPR    0    2      25    1    7    0  0  0  7 10 22 25
  25  STO    0    5      26    1    6    0  0  0  7 10 25
  26  JMP    0   14      14    1    6    0  0  0  7 10 25
  14  LOD    0    3      15    1    7    0  0  0  7 10 25  7
  15  LOD    0    4      16    1    8    0  0  0  7 10 25  7 10
  16  OPR    0   10      17    1    7    0  0  0  7 10 25  1
  17  JPC    0   27      18    1    6    0  0  0  7 10 25
  18  LOD    0    3      19    1    7    0  0  0  7 10 25  7
  19  LIT    0    1      20    1    8    0  0  0  7 10 25  7  1
  20  OPR    0    2      21    1    7    0  0  0  7 10 25  8
  21  STO    0    3      22    1    6    0  0  0  8 10 25
  22  LOD    0    5      23    1    7    0  0  0  8 10 25 25
  23  LIT    0    3      24    1    8    0  0  0  8 10 25 25  3
  24  OPR    0    2      25    1    7    0  0  0  8 10 25 28
  25  STO    0    5      26    1    6    0  0  0  8 10 28
  26  JMP    0   14      14    1    6    0  0  0  8 10 28
  14  LOD    0    3      15    1    7    0  0  0  8 10 28  8
  15  LOD    0    4      16    1    8    0  0  0  8 10 28  8 10
  16  OPR    0   10      17    1    7    0  0  0  8 10 28  1
  17  JPC    0   27      18    1    6    0  0  0  8 10 28
  18  LOD    0    3      19    1    7    0  0  0  8 10 28  8
  19  LIT    0    1      20    1    8    0  0  0  8 10 28  8  1
  20  OPR    0    2      21    1    7    0  0  0  8 10 28  9
  21  STO    0    3      22    1    6    0  0  0  9 10 28
  22  LOD    0    5      23    1    7    0  0  0  9 10 28 28
  23  LIT    0    3      24    1    8    0  0  0  9 10 28 28  3
  24  OPR    0    2      25    1    7    0  0  0  9 10 28 31
  25  STO    0    5      26    1    6    0  0  0  9 10 31
  26  JMP    0   14      14    1    6    0  0  0  9 10 31
  14  LOD    0    3      15    1    7    0  0  0  9 10 31  9
  15  LOD    0    4      16    1    8    0  0  0  9 10 31  9 10
  16  OPR    0   10      17    1    7    0  0  0  9 10 31  1
  17  JPC    0   27      18    1    6    0  0  0  9 10 31
  18  LOD    0    3      19    1    7    0  0  0  9 10 31  9
  19  LIT    0    1      20    1    8    0  0  0  9 10 31  9  1
  20  OPR    0    2      21    1    7    0  0  0  9 10 31 10
  21  STO    0    3      22    1    6    0  0  0 10 10 31
  22  LOD    0    5      23    1    7    0  0  0 10 10 31 31
  23  LIT    0    3      24    1    8    0  0  0 10 10 31 31  3
  24  OPR    0    2      25    1    7    0  0  0 10 10 31 34
  25  STO    0    5      26    1    6    0  0  0 10 10 34
  26  JMP    0   14      14    1    6    0  0  0 10 10 34
  14  LOD    0    3      15    1    7    0  0  0 10 10 34 10
  15  LOD    0    4      16    1    8    0  0  0 10 10 34 10 10
  16  OPR    0   10      17    1    7    0  0  0 10 10 34  0
  17  JPC    0   27      27    1    6    0  0  0 10 10 34
  27  LOD    0    3      28    1    7    0  0  0 10 10 34 10
  28  STO    0    5      29    1    6    0  0  0 10 10 10
  29  OPR    0    0       0    0    0   

===============

Finished without error.
